Determining if the pthread_create exist failed with the following output:
Change Dir: /dis/dis/build/CMakeFiles/CMakeTmp

Run Build Command:"/usr/bin/gmake" "cmTC_8e530/fast"
/usr/bin/gmake -f CMakeFiles/cmTC_8e530.dir/build.make CMakeFiles/cmTC_8e530.dir/build
gmake[1]: Entering directory `/dis/dis/build/CMakeFiles/CMakeTmp'
Building C object CMakeFiles/cmTC_8e530.dir/CheckSymbolExists.c.o
/opt/rh/devtoolset-9/root/usr/bin/cc     -o CMakeFiles/cmTC_8e530.dir/CheckSymbolExists.c.o   -c /dis/dis/build/CMakeFiles/CMakeTmp/CheckSymbolExists.c
Linking C executable cmTC_8e530
/opt/cmake-3.4.0/bin/cmake -E cmake_link_script CMakeFiles/cmTC_8e530.dir/link.txt --verbose=1
/opt/rh/devtoolset-9/root/usr/bin/cc       CMakeFiles/cmTC_8e530.dir/CheckSymbolExists.c.o  -o cmTC_8e530 
/opt/rh/devtoolset-9/root/usr/libexec/gcc/x86_64-redhat-linux/9/ld: CMakeFiles/cmTC_8e530.dir/CheckSymbolExists.c.o: in function `main':
CheckSymbolExists.c:(.text+0x16): undefined reference to `pthread_create'
collect2: error: ld returned 1 exit status
gmake[1]: *** [cmTC_8e530] Error 1
gmake[1]: Leaving directory `/dis/dis/build/CMakeFiles/CMakeTmp'
gmake: *** [cmTC_8e530/fast] Error 2

File /dis/dis/build/CMakeFiles/CMakeTmp/CheckSymbolExists.c:
/* */
#include <pthread.h>

int main(int argc, char** argv)
{
  (void)argv;
#ifndef pthread_create
  return ((int*)(&pthread_create))[argc];
#else
  (void)argc;
  return 0;
#endif
}

Determining if the function pthread_create exists in the pthreads failed with the following output:
Change Dir: /dis/dis/build/CMakeFiles/CMakeTmp

Run Build Command:"/usr/bin/gmake" "cmTC_0dee9/fast"
/usr/bin/gmake -f CMakeFiles/cmTC_0dee9.dir/build.make CMakeFiles/cmTC_0dee9.dir/build
gmake[1]: Entering directory `/dis/dis/build/CMakeFiles/CMakeTmp'
Building C object CMakeFiles/cmTC_0dee9.dir/CheckFunctionExists.c.o
/opt/rh/devtoolset-9/root/usr/bin/cc    -DCHECK_FUNCTION_EXISTS=pthread_create   -o CMakeFiles/cmTC_0dee9.dir/CheckFunctionExists.c.o   -c /opt/cmake-3.4.0/share/cmake-3.4/Modules/CheckFunctionExists.c
Linking C executable cmTC_0dee9
/opt/cmake-3.4.0/bin/cmake -E cmake_link_script CMakeFiles/cmTC_0dee9.dir/link.txt --verbose=1
/opt/rh/devtoolset-9/root/usr/bin/cc   -DCHECK_FUNCTION_EXISTS=pthread_create    CMakeFiles/cmTC_0dee9.dir/CheckFunctionExists.c.o  -o cmTC_0dee9 -lpthreads 
/opt/rh/devtoolset-9/root/usr/libexec/gcc/x86_64-redhat-linux/9/ld: cannot find -lpthreads
collect2: error: ld returned 1 exit status
gmake[1]: Leaving directory `/dis/dis/build/CMakeFiles/CMakeTmp'
gmake[1]: *** [cmTC_0dee9] Error 1
gmake: *** [cmTC_0dee9/fast] Error 2


